[INFO] Scanning for projects...
[INFO] 
[INFO] -------------< com.stayFinder.proyectoFinal:reserva-demo >--------------
[INFO] Building Gestion de Reserva 0.0.1-SNAPSHOT
[INFO]   from pom.xml
[INFO] --------------------------------[ jar ]---------------------------------
[INFO] 
[INFO] >>> spring-boot:3.3.4:run (default-cli) > test-compile @ reserva-demo >>>
[INFO] 
[INFO] --- resources:3.3.1:resources (default-resources) @ reserva-demo ---
[INFO] Copying 4 resources from src\main\resources to target\classes
[INFO] Copying 1 resource from src\main\resources to target\classes
[INFO] 
[INFO] --- compiler:3.8.1:compile (default-compile) @ reserva-demo ---
[INFO] Changes detected - recompiling the module!
[INFO] Compiling 175 source files to C:\Users\allis\Desktop\Allison-Brandon\StayFinderNew\backend\target\classes
[INFO] 
[INFO] --- resources:3.3.1:testResources (default-testResources) @ reserva-demo ---
[INFO] skip non existing resourceDirectory C:\Users\allis\Desktop\Allison-Brandon\StayFinderNew\backend\src\test\resources
[INFO] 
[INFO] --- compiler:3.8.1:testCompile (default-testCompile) @ reserva-demo ---
[INFO] No sources to compile
[INFO] 
[INFO] <<< spring-boot:3.3.4:run (default-cli) < test-compile @ reserva-demo <<<
[INFO] 
[INFO] 
[INFO] --- spring-boot:3.3.4:run (default-cli) @ reserva-demo ---
[INFO] Attaching agents: []

  .   ____          _            __ _ _
 /\\ / ___'_ __ _ _(_)_ __  __ _ \ \ \ \
( ( )\___ | '_ | '_| | '_ \/ _` | \ \ \ \
 \\/  ___)| |_)| | | | | || (_| |  ) ) ) )
  '  |____| .__|_| |_|_| |_\__, | / / / /
 =========|_|==============|___/=/_/_/_/

 :: Spring Boot ::                (v3.3.4)

2026-03-06T08:15:51.104-05:00  INFO 20740 --- [StayFinder] [           main] c.s.p.GestionDeReservaApplication        : Starting GestionDeReservaApplication using Java 22 with PID 20740 (C:\Users\allis\Desktop\Allison-Brandon\StayFinderNew\backend\target\classes started by allis in C:\Users\allis\Desktop\Allison-Brandon\StayFinderNew\backend)
2026-03-06T08:15:51.107-05:00  INFO 20740 --- [StayFinder] [           main] c.s.p.GestionDeReservaApplication        : The following 1 profile is active: "dev"
2026-03-06T08:15:52.302-05:00  INFO 20740 --- [StayFinder] [           main] .s.d.r.c.RepositoryConfigurationDelegate : Bootstrapping Spring Data JPA repositories in DEFAULT mode.
2026-03-06T08:15:52.494-05:00  INFO 20740 --- [StayFinder] [           main] .s.d.r.c.RepositoryConfigurationDelegate : Finished Spring Data repository scanning in 185 ms. Found 16 JPA repository interfaces.
2026-03-06T08:15:53.181-05:00  INFO 20740 --- [StayFinder] [           main] o.s.b.w.embedded.tomcat.TomcatWebServer  : Tomcat initialized with port 8080 (http)
2026-03-06T08:15:53.203-05:00  INFO 20740 --- [StayFinder] [           main] o.apache.catalina.core.StandardService   : Starting service [Tomcat]
2026-03-06T08:15:53.203-05:00  INFO 20740 --- [StayFinder] [           main] o.apache.catalina.core.StandardEngine    : Starting Servlet engine: [Apache Tomcat/10.1.30]
2026-03-06T08:15:53.281-05:00  INFO 20740 --- [StayFinder] [           main] o.a.c.c.C.[Tomcat].[localhost].[/]       : Initializing Spring embedded WebApplicationContext
2026-03-06T08:15:53.282-05:00  INFO 20740 --- [StayFinder] [           main] w.s.c.ServletWebServerApplicationContext : Root WebApplicationContext: initialization completed in 2107 ms
2026-03-06T08:15:53.462-05:00  INFO 20740 --- [StayFinder] [           main] o.hibernate.jpa.internal.util.LogHelper  : HHH000204: Processing PersistenceUnitInfo [name: default]
2026-03-06T08:15:53.559-05:00  INFO 20740 --- [StayFinder] [           main] org.hibernate.Version                    : HHH000412: Hibernate ORM core version 6.5.3.Final
2026-03-06T08:15:53.606-05:00  INFO 20740 --- [StayFinder] [           main] o.h.c.internal.RegionFactoryInitiator    : HHH000026: Second-level cache disabled
2026-03-06T08:15:53.924-05:00  INFO 20740 --- [StayFinder] [           main] o.s.o.j.p.SpringPersistenceUnitInfo      : No LoadTimeWeaver setup: ignoring JPA class transformer
2026-03-06T08:15:53.958-05:00  INFO 20740 --- [StayFinder] [           main] com.zaxxer.hikari.HikariDataSource       : HikariPool-1 - Starting...
2026-03-06T08:15:54.142-05:00  INFO 20740 --- [StayFinder] [           main] com.zaxxer.hikari.pool.HikariPool        : HikariPool-1 - Added connection org.postgresql.jdbc.PgConnection@6d617b07
2026-03-06T08:15:54.143-05:00  INFO 20740 --- [StayFinder] [           main] com.zaxxer.hikari.HikariDataSource       : HikariPool-1 - Start completed.
2026-03-06T08:15:54.185-05:00  WARN 20740 --- [StayFinder] [           main] org.hibernate.orm.deprecation            : HHH90000025: PostgreSQLDialect does not need to be specified explicitly using 'hibernate.dialect' (remove the property setting and it will be selected by default)
2026-03-06T08:15:54.711-05:00  WARN 20740 --- [StayFinder] [           main] org.hibernate.mapping.RootClass          : HHH000038: Composite-id class does not override equals(): com.stayFinder.proyectoFinal.entity.AlojamientoServicioId
2026-03-06T08:15:54.712-05:00  WARN 20740 --- [StayFinder] [           main] org.hibernate.mapping.RootClass          : HHH000039: Composite-id class does not override hashCode(): com.stayFinder.proyectoFinal.entity.AlojamientoServicioId
2026-03-06T08:15:55.662-05:00  INFO 20740 --- [StayFinder] [           main] o.h.e.t.j.p.i.JtaPlatformInitiator       : HHH000489: No JTA platform available (set 'hibernate.transaction.jta.platform' to enable JTA platform integration)
2026-03-06T08:15:55.916-05:00  INFO 20740 --- [StayFinder] [           main] j.LocalContainerEntityManagerFactoryBean : Initialized JPA EntityManagerFactory for persistence unit 'default'
2026-03-06T08:15:56.533-05:00  INFO 20740 --- [StayFinder] [           main] o.s.d.j.r.query.QueryEnhancerFactory     : Hibernate is in classpath; If applicable, HQL parser will be used.
2026-03-06T08:15:57.117-05:00  INFO 20740 --- [StayFinder] [           main] eAuthenticationProviderManagerConfigurer : Global AuthenticationManager configured with AuthenticationProvider bean with name authenticationProvider
2026-03-06T08:15:57.118-05:00  WARN 20740 --- [StayFinder] [           main] r$InitializeUserDetailsManagerConfigurer : Global AuthenticationManager configured with an AuthenticationProvider bean. UserDetailsService beans will not be used for username/password login. Consider removing the AuthenticationProvider bean. Alternatively, consider using the UserDetailsService in a manually instantiated DaoAuthenticationProvider.
2026-03-06T08:15:57.379-05:00  INFO 20740 --- [StayFinder] [           main] o.s.b.a.w.s.WelcomePageHandlerMapping    : Adding welcome page: class path resource [static/index.html]
2026-03-06T08:15:57.916-05:00  WARN 20740 --- [StayFinder] [           main] ConfigServletWebServerApplicationContext : Exception encountered during context initialization - cancelling refresh attempt: org.springframework.context.ApplicationContextException: Failed to start bean 'webServerStartStop'
2026-03-06T08:15:57.921-05:00  INFO 20740 --- [StayFinder] [           main] j.LocalContainerEntityManagerFactoryBean : Closing JPA EntityManagerFactory for persistence unit 'default'
2026-03-06T08:15:57.924-05:00  INFO 20740 --- [StayFinder] [           main] com.zaxxer.hikari.HikariDataSource       : HikariPool-1 - Shutdown initiated...
2026-03-06T08:15:57.928-05:00  INFO 20740 --- [StayFinder] [           main] com.zaxxer.hikari.HikariDataSource       : HikariPool-1 - Shutdown completed.
2026-03-06T08:15:57.953-05:00  INFO 20740 --- [StayFinder] [           main] .s.b.a.l.ConditionEvaluationReportLogger : 

Error starting ApplicationContext. To display the condition evaluation report re-run your application with 'debug' enabled.
2026-03-06T08:15:57.969-05:00 ERROR 20740 --- [StayFinder] [           main] o.s.b.d.LoggingFailureAnalysisReporter   : 

***************************
APPLICATION FAILED TO START
***************************

Description:

Web server failed to start. Port 8080 was already in use.

Action:

Identify and stop the process that's listening on port 8080 or configure this application to listen on another port.

[INFO] ------------------------------------------------------------------------
[INFO] BUILD FAILURE
[INFO] ------------------------------------------------------------------------
[INFO] Total time:  21.305 s
[INFO] Finished at: 2026-03-06T08:15:58-05:00
[INFO] ------------------------------------------------------------------------
[ERROR] Failed to execute goal org.springframework.boot:spring-boot-maven-plugin:3.3.4:run (default-cli) on project reserva-demo: Process terminated with exit code: 1 -> [Help 1]
[ERROR] 
[ERROR] To see the full stack trace of the errors, re-run Maven with the -e switch.
[ERROR] Re-run Maven using the -X switch to enable full debug logging.
[ERROR] 
[ERROR] For more information about the errors and possible solutions, please read the following articles:
[ERROR] [Help 1] http://cwiki.apache.org/confluence/display/MAVEN/MojoExecutionException
